<?xml version="1.0" encoding="UTF-8"?>
<testsuite xmlns:xsi="http://www.w3.org/2001/XMLSchema-instance" xsi:noNamespaceSchemaLocation="https://maven.apache.org/surefire/maven-surefire-plugin/xsd/surefire-test-report-3.0.xsd" version="3.0" name="TestSuite" time="30.724" tests="3" errors="0" skipped="0" failures="0">
  <properties>
[...]
</properties>
  <testcase name="validLoginTest" classname="cases.MultiBrowserTest" time="8.384"/>
  <testcase name="validLoginTest" classname="cases.MultiBrowserTest" time="8.32"/>
  <testcase name="validLoginTest" classname="cases.AccountLoginTest" time="9.88"/>
</testsuite>