<?xml version="1.0" encoding="UTF-8"?>
<testng-results total="1" passed="0" failed="0" skipped="1">
  <reporter-output>
  </reporter-output>
  <suite started-at="2019-11-19T04:35:42Z" name="VRMaker Regression Test" finished-at="2019-11-19T04:35:42Z" duration-ms="41">
    <groups>
    </groups>
    <test started-at="2019-11-19T04:35:42Z" name="regression test" finished-at="2019-11-19T04:35:42Z" duration-ms="41">
      <class name="cases.AccountLoginTest">
        <test-method is-config="true" signature="setup(java.lang.String, java.lang.String, java.lang.String, java.lang.String)[pri:0, instance:cases.AccountLoginTest@659499f1]" started-at="2019-11-19T12:35:42Z" name="setup" finished-at="2019-11-19T12:35:42Z" duration-ms="0" status="FAIL">
          <exception class="org.testng.TestNGException">
            <message>
              <![CDATA[
Parameter 'browser' is required by @Configuration on method setup but has not been marked @Optional or defined
in /Users/joyshen/eclipse-workspace/MlsAutomation/testng.xml]]>
            </message>
            <full-stacktrace>
              <![CDATA[org.testng.TestNGException: 
Parameter 'browser' is required by @Configuration on method setup but has not been marked @Optional or defined
in /Users/joyshen/eclipse-workspace/MlsAutomation/testng.xml
	at org.testng.internal.Parameters.createParameters(Parameters.java:154)
	at org.testng.internal.Parameters.createParameters(Parameters.java:361)
	at org.testng.internal.Parameters.createConfigurationParameters(Parameters.java:84)
	at org.testng.internal.Invoker.invokeConfigurations(Invoker.java:197)
	at org.testng.internal.Invoker.invokeMethod(Invoker.java:585)
	at org.testng.internal.Invoker.invokeTestMethod(Invoker.java:821)
	at org.testng.internal.Invoker.invokeTestMethods(Invoker.java:1131)
	at org.testng.internal.TestMethodWorker.invokeTestMethods(TestMethodWorker.java:125)
	at org.testng.internal.TestMethodWorker.run(TestMethodWorker.java:108)
	at org.testng.TestRunner.privateRun(TestRunner.java:773)
	at org.testng.TestRunner.run(TestRunner.java:623)
	at org.testng.SuiteRunner.runTest(SuiteRunner.java:357)
	at org.testng.SuiteRunner.access$000(SuiteRunner.java:39)
	at org.testng.SuiteRunner$SuiteWorker.run(SuiteRunner.java:391)
	at org.testng.internal.thread.ThreadUtil$2.call(ThreadUtil.java:64)
	at java.base/java.util.concurrent.FutureTask.run(FutureTask.java:264)
	at java.base/java.util.concurrent.ThreadPoolExecutor.runWorker(ThreadPoolExecutor.java:1135)
	at java.base/java.util.concurrent.ThreadPoolExecutor$Worker.run(ThreadPoolExecutor.java:635)
	at java.base/java.lang.Thread.run(Thread.java:844)
]]>
            </full-stacktrace>
          </exception> <!-- org.testng.TestNGException -->
          <reporter-output>
          </reporter-output>
        </test-method> <!-- setup -->
        <test-method signature="validLoginTest()[pri:0, instance:cases.AccountLoginTest@659499f1]" started-at="2019-11-19T12:35:42Z" name="validLoginTest" finished-at="2019-11-19T12:35:42Z" duration-ms="12" status="SKIP">
          <reporter-output>
          </reporter-output>
        </test-method> <!-- validLoginTest -->
        <test-method is-config="true" signature="tearDown(org.testng.ITestResult)[pri:0, instance:cases.AccountLoginTest@659499f1]" started-at="2019-11-19T12:35:42Z" name="tearDown" finished-at="2019-11-19T12:35:42Z" duration-ms="0" status="SKIP">
          <reporter-output>
          </reporter-output>
        </test-method> <!-- tearDown -->
      </class> <!-- cases.AccountLoginTest -->
    </test> <!-- regression test -->
  </suite> <!-- VRMaker Regression Test -->
</testng-results>
